<?xml version="1.0" encoding="UTF-8" ?>
<testsuites name="vitest tests" tests="105" failures="0" errors="0" time="24.9809097">
    <testsuite name="src/test/components/JsonSchemaEditor.test.tsx" timestamp="2025-11-07T13:16:30.824Z" hostname="wmau3401" tests="9" failures="0" errors="0" skipped="0" time="3.8717411">
        <testcase classname="src/test/components/JsonSchemaEditor.test.tsx" name="JsonSchemaEditor &gt; renders the editor with a default schema" time="1.2055144">
        </testcase>
        <testcase classname="src/test/components/JsonSchemaEditor.test.tsx" name="JsonSchemaEditor &gt; calls onChange when the schema changes" time="0.435248">
            <system-err>
Warning: A component is changing an uncontrolled input to be controlled. This is likely caused by the value changing from undefined to a defined value, which should not happen. Decide between using a controlled or uncontrolled input element for the lifetime of the component. More info: https://reactjs.org/link/controlled-components
    at input
    at C:/Users/goroz2/Desktop/RnD/Repositories/json-schema-editor/src/lib/components/ui/input.tsx:6:6
    at Controller (file:///C:/Users/goroz2/Desktop/RnD/Repositories/json-schema-editor/node_modules/react-hook-form/dist/index.esm.mjs:581:37)
    at div
    at Root (C:/Users/goroz2/Desktop/RnD/Repositories/json-schema-editor/src/lib/components/features/form/Root.tsx:254:3)
    at div
    at div
    at div
    at FormProvider (file:///C:/Users/goroz2/Desktop/RnD/Repositories/json-schema-editor/node_modules/react-hook-form/dist/index.esm.mjs:194:13)
    at JsonSchemaEditor (C:/Users/goroz2/Desktop/RnD/Repositories/json-schema-editor/src/lib/components/features/JsonSchemaEditor.tsx:1635:3)

            </system-err>
        </testcase>
        <testcase classname="src/test/components/JsonSchemaEditor.test.tsx" name="JsonSchemaEditor &gt; displays AJV errors when the schema is invalid" time="0.2891498">
        </testcase>
        <testcase classname="src/test/components/JsonSchemaEditor.test.tsx" name="JsonSchemaEditor &gt; displays AJV errors for the root schema" time="0.1049914">
        </testcase>
        <testcase classname="src/test/components/JsonSchemaEditor.test.tsx" name="JsonSchemaEditor &gt; initializes with a default schema when no defaultValue is provided" time="0.2829842">
        </testcase>
        <testcase classname="src/test/components/JsonSchemaEditor.test.tsx" name="JsonSchemaEditor &gt; adds a new field when the add button is clicked" time="0.4596167">
        </testcase>
        <testcase classname="src/test/components/JsonSchemaEditor.test.tsx" name="JsonSchemaEditor &gt; removes a field when the remove button is clicked" time="0.4569907">
            <system-err>
Warning: Function components cannot be given refs. Attempts to access this ref will fail. Did you mean to use React.forwardRef()?

Check the render method of `Primitive.div.SlotClone`.
    at AlertDialogOverlay (C:/Users/goroz2/Desktop/RnD/Repositories/json-schema-editor/src/lib/components/ui/alert-dialog.tsx:44:3)
    at file:///C:/Users/goroz2/Desktop/RnD/Repositories/json-schema-editor/node_modules/@radix-ui/react-slot/dist/index.mjs:33:13
    at file:///C:/Users/goroz2/Desktop/RnD/Repositories/json-schema-editor/node_modules/@radix-ui/react-slot/dist/index.mjs:9:13
    at file:///C:/Users/goroz2/Desktop/RnD/Repositories/json-schema-editor/node_modules/@radix-ui/react-primitive/dist/index.mjs:28:13
    at file:///C:/Users/goroz2/Desktop/RnD/Repositories/json-schema-editor/node_modules/@radix-ui/react-portal/dist/index.mjs:11:22
    at Presence (file:///C:/Users/goroz2/Desktop/RnD/Repositories/json-schema-editor/node_modules/@radix-ui/react-presence/dist/index.mjs:19:11)
    at Provider (file:///C:/Users/goroz2/Desktop/RnD/Repositories/json-schema-editor/node_modules/@radix-ui/react-context/dist/index.mjs:27:15)
    at DialogPortal (file:///C:/Users/goroz2/Desktop/RnD/Repositories/json-schema-editor/node_modules/@radix-ui/react-dialog/dist/index.mjs:85:11)
    at AlertDialogPortal (file:///C:/Users/goroz2/Desktop/RnD/Repositories/json-schema-editor/node_modules/@radix-ui/react-alert-dialog/dist/index.mjs:34:11)
    at AlertDialogPortal (C:/Users/goroz2/Desktop/RnD/Repositories/json-schema-editor/src/lib/components/ui/alert-dialog.tsx:35:6)
    at AlertDialogContent (C:/Users/goroz2/Desktop/RnD/Repositories/json-schema-editor/src/lib/components/ui/alert-dialog.tsx:68:3)
    at Provider (file:///C:/Users/goroz2/Desktop/RnD/Repositories/json-schema-editor/node_modules/@radix-ui/react-context/dist/index.mjs:27:15)
    at Dialog (file:///C:/Users/goroz2/Desktop/RnD/Repositories/json-schema-editor/node_modules/@radix-ui/react-dialog/dist/index.mjs:25:5)
    at AlertDialog (file:///C:/Users/goroz2/Desktop/RnD/Repositories/json-schema-editor/node_modules/@radix-ui/react-alert-dialog/dist/index.mjs:18:11)
    at AlertDialog (C:/Users/goroz2/Desktop/RnD/Repositories/json-schema-editor/src/lib/components/ui/alert-dialog.tsx:17:6)
    at div
    at FieldRow (C:/Users/goroz2/Desktop/RnD/Repositories/json-schema-editor/src/lib/components/features/form/FieldRow.tsx:586:3)
    at div
    at Field (C:/Users/goroz2/Desktop/RnD/Repositories/json-schema-editor/src/lib/components/features/form/Field.tsx:587:3)
    at div
    at FieldList (C:/Users/goroz2/Desktop/RnD/Repositories/json-schema-editor/src/lib/components/features/form/FieldList.tsx:154:3)
    at div
    at div
    at div
    at FormProvider (file:///C:/Users/goroz2/Desktop/RnD/Repositories/json-schema-editor/node_modules/react-hook-form/dist/index.esm.mjs:194:13)
    at JsonSchemaEditor (C:/Users/goroz2/Desktop/RnD/Repositories/json-schema-editor/src/lib/components/features/JsonSchemaEditor.tsx:1635:3)

            </system-err>
        </testcase>
        <testcase classname="src/test/components/JsonSchemaEditor.test.tsx" name="JsonSchemaEditor &gt; opens the settings dialog when the settings button is clicked" time="0.463035">
            <system-err>
Warning: Function components cannot be given refs. Attempts to access this ref will fail. Did you mean to use React.forwardRef()?

Check the render method of `Primitive.div.SlotClone`.
    at DialogOverlay (C:/Users/goroz2/Desktop/RnD/Repositories/json-schema-editor/src/lib/components/ui/dialog.tsx:52:3)
    at file:///C:/Users/goroz2/Desktop/RnD/Repositories/json-schema-editor/node_modules/@radix-ui/react-slot/dist/index.mjs:33:13
    at file:///C:/Users/goroz2/Desktop/RnD/Repositories/json-schema-editor/node_modules/@radix-ui/react-slot/dist/index.mjs:9:13
    at file:///C:/Users/goroz2/Desktop/RnD/Repositories/json-schema-editor/node_modules/@radix-ui/react-primitive/dist/index.mjs:28:13
    at file:///C:/Users/goroz2/Desktop/RnD/Repositories/json-schema-editor/node_modules/@radix-ui/react-portal/dist/index.mjs:11:22
    at Presence (file:///C:/Users/goroz2/Desktop/RnD/Repositories/json-schema-editor/node_modules/@radix-ui/react-presence/dist/index.mjs:19:11)
    at Provider (file:///C:/Users/goroz2/Desktop/RnD/Repositories/json-schema-editor/node_modules/@radix-ui/react-context/dist/index.mjs:27:15)
    at DialogPortal (file:///C:/Users/goroz2/Desktop/RnD/Repositories/json-schema-editor/node_modules/@radix-ui/react-dialog/dist/index.mjs:85:11)
    at DialogPortal (C:/Users/goroz2/Desktop/RnD/Repositories/json-schema-editor/src/lib/components/ui/dialog.tsx:34:6)
    at DialogContent (C:/Users/goroz2/Desktop/RnD/Repositories/json-schema-editor/src/lib/components/ui/dialog.tsx:76:3)
    at Provider (file:///C:/Users/goroz2/Desktop/RnD/Repositories/json-schema-editor/node_modules/@radix-ui/react-context/dist/index.mjs:27:15)
    at Dialog (file:///C:/Users/goroz2/Desktop/RnD/Repositories/json-schema-editor/node_modules/@radix-ui/react-dialog/dist/index.mjs:25:5)
    at Dialog (C:/Users/goroz2/Desktop/RnD/Repositories/json-schema-editor/src/lib/components/ui/dialog.tsx:16:6)
    at SettingsDialog (C:/Users/goroz2/Desktop/RnD/Repositories/json-schema-editor/src/lib/components/features/settings/SettingsDialog.tsx:260:3)
    at FormProvider (file:///C:/Users/goroz2/Desktop/RnD/Repositories/json-schema-editor/node_modules/react-hook-form/dist/index.esm.mjs:194:13)
    at JsonSchemaEditor (C:/Users/goroz2/Desktop/RnD/Repositories/json-schema-editor/src/lib/components/features/JsonSchemaEditor.tsx:1635:3)
Warning: Missing `Description` or `aria-describedby={undefined}` for {DialogContent}.

            </system-err>
        </testcase>
        <testcase classname="src/test/components/JsonSchemaEditor.test.tsx" name="JsonSchemaEditor &gt; renders correctly with rootType=&apos;array&apos;" time="0.1672128">
        </testcase>
    </testsuite>
    <testsuite name="src/test/utils/validator.test.ts" timestamp="2025-11-07T13:16:30.832Z" hostname="wmau3401" tests="3" failures="0" errors="0" skipped="0" time="0.013765">
        <testcase classname="src/test/utils/validator.test.ts" name="validator &gt; should return null for a valid schema" time="0.0070911">
        </testcase>
        <testcase classname="src/test/utils/validator.test.ts" name="validator &gt; should return an array of errors for an invalid schema" time="0.0014649">
        </testcase>
        <testcase classname="src/test/utils/validator.test.ts" name="validator &gt; should return an empty array if validation fails but ajv.errors is null" time="0.001247">
        </testcase>
    </testsuite>
    <testsuite name="src/test/components/form/Field.test.tsx" timestamp="2025-11-07T13:16:30.834Z" hostname="wmau3401" tests="10" failures="0" errors="0" skipped="0" time="1.9396034">
        <testcase classname="src/test/components/form/Field.test.tsx" name="Field &gt; renders Field for a string type" time="0.3489041">
        </testcase>
        <testcase classname="src/test/components/form/Field.test.tsx" name="Field &gt; recursively renders fields for an object type" time="0.2218607">
        </testcase>
        <testcase classname="src/test/components/form/Field.test.tsx" name="Field &gt; adds a new field when &apos;Add Field&apos; button is clicked for an object" time="0.3373356">
        </testcase>
        <testcase classname="src/test/components/form/Field.test.tsx" name="Field &gt; removes a field when &apos;Delete&apos; button is clicked" time="0.3643171">
            <system-err>
Warning: Function components cannot be given refs. Attempts to access this ref will fail. Did you mean to use React.forwardRef()?

Check the render method of `Primitive.div.SlotClone`.
    at AlertDialogOverlay (C:/Users/goroz2/Desktop/RnD/Repositories/json-schema-editor/src/lib/components/ui/alert-dialog.tsx:44:3)
    at file:///C:/Users/goroz2/Desktop/RnD/Repositories/json-schema-editor/node_modules/@radix-ui/react-slot/dist/index.mjs:33:13
    at file:///C:/Users/goroz2/Desktop/RnD/Repositories/json-schema-editor/node_modules/@radix-ui/react-slot/dist/index.mjs:9:13
    at file:///C:/Users/goroz2/Desktop/RnD/Repositories/json-schema-editor/node_modules/@radix-ui/react-primitive/dist/index.mjs:28:13
    at file:///C:/Users/goroz2/Desktop/RnD/Repositories/json-schema-editor/node_modules/@radix-ui/react-portal/dist/index.mjs:11:22
    at Presence (file:///C:/Users/goroz2/Desktop/RnD/Repositories/json-schema-editor/node_modules/@radix-ui/react-presence/dist/index.mjs:19:11)
    at Provider (file:///C:/Users/goroz2/Desktop/RnD/Repositories/json-schema-editor/node_modules/@radix-ui/react-context/dist/index.mjs:27:15)
    at DialogPortal (file:///C:/Users/goroz2/Desktop/RnD/Repositories/json-schema-editor/node_modules/@radix-ui/react-dialog/dist/index.mjs:85:11)
    at AlertDialogPortal (file:///C:/Users/goroz2/Desktop/RnD/Repositories/json-schema-editor/node_modules/@radix-ui/react-alert-dialog/dist/index.mjs:34:11)
    at AlertDialogPortal (C:/Users/goroz2/Desktop/RnD/Repositories/json-schema-editor/src/lib/components/ui/alert-dialog.tsx:35:6)
    at AlertDialogContent (C:/Users/goroz2/Desktop/RnD/Repositories/json-schema-editor/src/lib/components/ui/alert-dialog.tsx:68:3)
    at Provider (file:///C:/Users/goroz2/Desktop/RnD/Repositories/json-schema-editor/node_modules/@radix-ui/react-context/dist/index.mjs:27:15)
    at Dialog (file:///C:/Users/goroz2/Desktop/RnD/Repositories/json-schema-editor/node_modules/@radix-ui/react-dialog/dist/index.mjs:25:5)
    at AlertDialog (file:///C:/Users/goroz2/Desktop/RnD/Repositories/json-schema-editor/node_modules/@radix-ui/react-alert-dialog/dist/index.mjs:18:11)
    at AlertDialog (C:/Users/goroz2/Desktop/RnD/Repositories/json-schema-editor/src/lib/components/ui/alert-dialog.tsx:17:6)
    at div
    at FieldRow (C:/Users/goroz2/Desktop/RnD/Repositories/json-schema-editor/src/lib/components/features/form/FieldRow.tsx:586:3)
    at div
    at Field (C:/Users/goroz2/Desktop/RnD/Repositories/json-schema-editor/src/lib/components/features/form/Field.tsx:587:3)
    at div
    at div
    at Field (C:/Users/goroz2/Desktop/RnD/Repositories/json-schema-editor/src/lib/components/features/form/Field.tsx:587:3)
    at Provider (file:///C:/Users/goroz2/Desktop/RnD/Repositories/json-schema-editor/node_modules/@radix-ui/react-context/dist/index.mjs:27:15)
    at TooltipProvider (file:///C:/Users/goroz2/Desktop/RnD/Repositories/json-schema-editor/node_modules/@radix-ui/react-tooltip/dist/index.mjs:29:5)
    at TooltipProvider (C:/Users/goroz2/Desktop/RnD/Repositories/json-schema-editor/src/lib/components/ui/tooltip.tsx:9:3)
    at FormProvider (file:///C:/Users/goroz2/Desktop/RnD/Repositories/json-schema-editor/node_modules/react-hook-form/dist/index.esm.mjs:194:13)
    at FieldForm (C:/Users/goroz2/Desktop/RnD/Repositories/json-schema-editor/src/test/components/form/Field.test.tsx:16:3)

            </system-err>
        </testcase>
        <testcase classname="src/test/components/form/Field.test.tsx" name="Field &gt; renders a nested field for an array&apos;s items" time="0.0903274">
        </testcase>
        <testcase classname="src/test/components/form/Field.test.tsx" name="Field &gt; disables &apos;Add Field&apos; button when readOnly is true" time="0.0727222">
        </testcase>
        <testcase classname="src/test/components/form/Field.test.tsx" name="Field &gt; changes the field schema when a new type is selected" time="0.1405207">
        </testcase>
        <testcase classname="src/test/components/form/Field.test.tsx" name="Field &gt; handles changing the type to an array" time="0.1608508">
        </testcase>
        <testcase classname="src/test/components/form/Field.test.tsx" name="Field &gt; handles changing the type to a number" time="0.1113636">
        </testcase>
        <testcase classname="src/test/components/form/Field.test.tsx" name="Field &gt; does not render a remove button for an array&apos;s item field" time="0.0539152">
        </testcase>
    </testsuite>
    <testsuite name="src/test/components/form/FieldList.test.tsx" timestamp="2025-11-07T13:16:30.840Z" hostname="wmau3401" tests="3" failures="0" errors="0" skipped="0" time="1.0686254">
        <testcase classname="src/test/components/form/FieldList.test.tsx" name="FieldList &gt; renders a Field for each item in the fields array" time="0.4986932">
        </testcase>
        <testcase classname="src/test/components/form/FieldList.test.tsx" name="FieldList &gt; calls onRemove with the correct index when a field is removed" time="0.4710353">
            <system-err>
Warning: Function components cannot be given refs. Attempts to access this ref will fail. Did you mean to use React.forwardRef()?

Check the render method of `Primitive.div.SlotClone`.
    at AlertDialogOverlay (C:/Users/goroz2/Desktop/RnD/Repositories/json-schema-editor/src/lib/components/ui/alert-dialog.tsx:44:3)
    at file:///C:/Users/goroz2/Desktop/RnD/Repositories/json-schema-editor/node_modules/@radix-ui/react-slot/dist/index.mjs:33:13
    at file:///C:/Users/goroz2/Desktop/RnD/Repositories/json-schema-editor/node_modules/@radix-ui/react-slot/dist/index.mjs:9:13
    at file:///C:/Users/goroz2/Desktop/RnD/Repositories/json-schema-editor/node_modules/@radix-ui/react-primitive/dist/index.mjs:28:13
    at file:///C:/Users/goroz2/Desktop/RnD/Repositories/json-schema-editor/node_modules/@radix-ui/react-portal/dist/index.mjs:11:22
    at Presence (file:///C:/Users/goroz2/Desktop/RnD/Repositories/json-schema-editor/node_modules/@radix-ui/react-presence/dist/index.mjs:19:11)
    at Provider (file:///C:/Users/goroz2/Desktop/RnD/Repositories/json-schema-editor/node_modules/@radix-ui/react-context/dist/index.mjs:27:15)
    at DialogPortal (file:///C:/Users/goroz2/Desktop/RnD/Repositories/json-schema-editor/node_modules/@radix-ui/react-dialog/dist/index.mjs:85:11)
    at AlertDialogPortal (file:///C:/Users/goroz2/Desktop/RnD/Repositories/json-schema-editor/node_modules/@radix-ui/react-alert-dialog/dist/index.mjs:34:11)
    at AlertDialogPortal (C:/Users/goroz2/Desktop/RnD/Repositories/json-schema-editor/src/lib/components/ui/alert-dialog.tsx:35:6)
    at AlertDialogContent (C:/Users/goroz2/Desktop/RnD/Repositories/json-schema-editor/src/lib/components/ui/alert-dialog.tsx:68:3)
    at Provider (file:///C:/Users/goroz2/Desktop/RnD/Repositories/json-schema-editor/node_modules/@radix-ui/react-context/dist/index.mjs:27:15)
    at Dialog (file:///C:/Users/goroz2/Desktop/RnD/Repositories/json-schema-editor/node_modules/@radix-ui/react-dialog/dist/index.mjs:25:5)
    at AlertDialog (file:///C:/Users/goroz2/Desktop/RnD/Repositories/json-schema-editor/node_modules/@radix-ui/react-alert-dialog/dist/index.mjs:18:11)
    at AlertDialog (C:/Users/goroz2/Desktop/RnD/Repositories/json-schema-editor/src/lib/components/ui/alert-dialog.tsx:17:6)
    at div
    at FieldRow (C:/Users/goroz2/Desktop/RnD/Repositories/json-schema-editor/src/lib/components/features/form/FieldRow.tsx:586:3)
    at div
    at Field (C:/Users/goroz2/Desktop/RnD/Repositories/json-schema-editor/src/lib/components/features/form/Field.tsx:587:3)
    at div
    at FieldList (C:/Users/goroz2/Desktop/RnD/Repositories/json-schema-editor/src/lib/components/features/form/FieldList.tsx:154:3)
    at Provider (file:///C:/Users/goroz2/Desktop/RnD/Repositories/json-schema-editor/node_modules/@radix-ui/react-context/dist/index.mjs:27:15)
    at TooltipProvider (file:///C:/Users/goroz2/Desktop/RnD/Repositories/json-schema-editor/node_modules/@radix-ui/react-tooltip/dist/index.mjs:29:5)
    at TooltipProvider (C:/Users/goroz2/Desktop/RnD/Repositories/json-schema-editor/src/lib/components/ui/tooltip.tsx:9:3)
    at FormProvider (file:///C:/Users/goroz2/Desktop/RnD/Repositories/json-schema-editor/node_modules/react-hook-form/dist/index.esm.mjs:194:13)
    at FieldListForm (C:/Users/goroz2/Desktop/RnD/Repositories/json-schema-editor/src/test/components/form/FieldList.test.tsx:16:3)

            </system-err>
        </testcase>
        <testcase classname="src/test/components/form/FieldList.test.tsx" name="FieldList &gt; passes readOnly prop to child Field components" time="0.0934098">
        </testcase>
    </testsuite>
    <testsuite name="src/test/components/form/FieldRow.test.tsx" timestamp="2025-11-07T13:16:30.841Z" hostname="wmau3401" tests="7" failures="0" errors="0" skipped="0" time="1.3959811">
        <testcase classname="src/test/components/form/FieldRow.test.tsx" name="FieldRow &gt; renders all inputs and buttons correctly" time="0.4590967">
        </testcase>
        <testcase classname="src/test/components/form/FieldRow.test.tsx" name="FieldRow &gt; displays default values from the form context" time="0.1375174">
        </testcase>
        <testcase classname="src/test/components/form/FieldRow.test.tsx" name="FieldRow &gt; calls onTypeChange when the type is changed" time="0.280347">
        </testcase>
        <testcase classname="src/test/components/form/FieldRow.test.tsx" name="FieldRow &gt; calls onOpenSettings when settings button is clicked" time="0.1241776">
        </testcase>
        <testcase classname="src/test/components/form/FieldRow.test.tsx" name="FieldRow &gt; shows/hides elements based on isSimpleType and isRootLevel props" time="0.0955019">
        </testcase>
        <testcase classname="src/test/components/form/FieldRow.test.tsx" name="FieldRow &gt; disables all inputs and buttons when readOnly is true" time="0.0987206">
        </testcase>
        <testcase classname="src/test/components/form/FieldRow.test.tsx" name="FieldRow &gt; calls onRemove when delete is confirmed in the dialog" time="0.1740992">
            <system-err>
Warning: Function components cannot be given refs. Attempts to access this ref will fail. Did you mean to use React.forwardRef()?

Check the render method of `Primitive.div.SlotClone`.
    at AlertDialogOverlay (C:/Users/goroz2/Desktop/RnD/Repositories/json-schema-editor/src/lib/components/ui/alert-dialog.tsx:44:3)
    at file:///C:/Users/goroz2/Desktop/RnD/Repositories/json-schema-editor/node_modules/@radix-ui/react-slot/dist/index.mjs:33:13
    at file:///C:/Users/goroz2/Desktop/RnD/Repositories/json-schema-editor/node_modules/@radix-ui/react-slot/dist/index.mjs:9:13
    at file:///C:/Users/goroz2/Desktop/RnD/Repositories/json-schema-editor/node_modules/@radix-ui/react-primitive/dist/index.mjs:28:13
    at file:///C:/Users/goroz2/Desktop/RnD/Repositories/json-schema-editor/node_modules/@radix-ui/react-portal/dist/index.mjs:11:22
    at Presence (file:///C:/Users/goroz2/Desktop/RnD/Repositories/json-schema-editor/node_modules/@radix-ui/react-presence/dist/index.mjs:19:11)
    at Provider (file:///C:/Users/goroz2/Desktop/RnD/Repositories/json-schema-editor/node_modules/@radix-ui/react-context/dist/index.mjs:27:15)
    at DialogPortal (file:///C:/Users/goroz2/Desktop/RnD/Repositories/json-schema-editor/node_modules/@radix-ui/react-dialog/dist/index.mjs:85:11)
    at AlertDialogPortal (file:///C:/Users/goroz2/Desktop/RnD/Repositories/json-schema-editor/node_modules/@radix-ui/react-alert-dialog/dist/index.mjs:34:11)
    at AlertDialogPortal (C:/Users/goroz2/Desktop/RnD/Repositories/json-schema-editor/src/lib/components/ui/alert-dialog.tsx:35:6)
    at AlertDialogContent (C:/Users/goroz2/Desktop/RnD/Repositories/json-schema-editor/src/lib/components/ui/alert-dialog.tsx:68:3)
    at Provider (file:///C:/Users/goroz2/Desktop/RnD/Repositories/json-schema-editor/node_modules/@radix-ui/react-context/dist/index.mjs:27:15)
    at Dialog (file:///C:/Users/goroz2/Desktop/RnD/Repositories/json-schema-editor/node_modules/@radix-ui/react-dialog/dist/index.mjs:25:5)
    at AlertDialog (file:///C:/Users/goroz2/Desktop/RnD/Repositories/json-schema-editor/node_modules/@radix-ui/react-alert-dialog/dist/index.mjs:18:11)
    at AlertDialog (C:/Users/goroz2/Desktop/RnD/Repositories/json-schema-editor/src/lib/components/ui/alert-dialog.tsx:17:6)
    at div
    at FieldRow (C:/Users/goroz2/Desktop/RnD/Repositories/json-schema-editor/src/lib/components/features/form/FieldRow.tsx:586:3)
    at Provider (file:///C:/Users/goroz2/Desktop/RnD/Repositories/json-schema-editor/node_modules/@radix-ui/react-context/dist/index.mjs:27:15)
    at TooltipProvider (file:///C:/Users/goroz2/Desktop/RnD/Repositories/json-schema-editor/node_modules/@radix-ui/react-tooltip/dist/index.mjs:29:5)
    at TooltipProvider (C:/Users/goroz2/Desktop/RnD/Repositories/json-schema-editor/src/lib/components/ui/tooltip.tsx:9:3)
    at FormProvider (file:///C:/Users/goroz2/Desktop/RnD/Repositories/json-schema-editor/node_modules/react-hook-form/dist/index.esm.mjs:194:13)
    at FieldRowForm (C:/Users/goroz2/Desktop/RnD/Repositories/json-schema-editor/src/test/components/form/FieldRow.test.tsx:16:3)

            </system-err>
        </testcase>
    </testsuite>
    <testsuite name="src/test/components/settings/ArraySettings.test.tsx" timestamp="2025-11-07T13:16:30.844Z" hostname="wmau3401" tests="9" failures="0" errors="0" skipped="0" time="1.1700655">
        <testcase classname="src/test/components/settings/ArraySettings.test.tsx" name="ArraySettings &gt; renders all fields with their labels" time="0.3533805">
        </testcase>
        <testcase classname="src/test/components/settings/ArraySettings.test.tsx" name="ArraySettings &gt; loads and displays default values correctly" time="0.2975293">
        </testcase>
        <testcase classname="src/test/components/settings/ArraySettings.test.tsx" name="ArraySettings &gt; updates the value when user types in input" time="0.0883567">
        </testcase>
        <testcase classname="src/test/components/settings/ArraySettings.test.tsx" name="ArraySettings &gt; updates the value to null when input is cleared" time="0.0935295">
        </testcase>
        <testcase classname="src/test/components/settings/ArraySettings.test.tsx" name="ArraySettings &gt; toggles the checkbox value when user clicks it" time="0.102764">
            <system-err>
Checkbox is changing from uncontrolled to controlled. Components should not switch from controlled to uncontrolled (or vice versa). Decide between using a controlled or uncontrolled value for the lifetime of the component.

            </system-err>
        </testcase>
        <testcase classname="src/test/components/settings/ArraySettings.test.tsx" name="ArraySettings &gt; updates the value to null when maxItems is cleared" time="0.0470548">
        </testcase>
        <testcase classname="src/test/components/settings/ArraySettings.test.tsx" name="ArraySettings &gt; updates the value when user types in minContains input" time="0.0520488">
        </testcase>
        <testcase classname="src/test/components/settings/ArraySettings.test.tsx" name="ArraySettings &gt; updates the value when user types in maxContains input" time="0.0437811">
        </testcase>
        <testcase classname="src/test/components/settings/ArraySettings.test.tsx" name="ArraySettings &gt; disables all fields when readOnly prop is true" time="0.0817638">
        </testcase>
    </testsuite>
    <testsuite name="src/test/components/settings/BooleanSettings.test.tsx" timestamp="2025-11-07T13:16:30.849Z" hostname="wmau3401" tests="5" failures="0" errors="0" skipped="0" time="1.2014785">
        <testcase classname="src/test/components/settings/BooleanSettings.test.tsx" name="BooleanSettings &gt; renders the default value select field" time="0.5028345">
        </testcase>
        <testcase classname="src/test/components/settings/BooleanSettings.test.tsx" name="BooleanSettings &gt; shows &apos;False&apos; as the placeholder when no value is provided" time="0.1675891">
        </testcase>
        <testcase classname="src/test/components/settings/BooleanSettings.test.tsx" name="BooleanSettings &gt; loads and displays default value correctly" time="0.113088">
        </testcase>
        <testcase classname="src/test/components/settings/BooleanSettings.test.tsx" name="BooleanSettings &gt; updates the value when user selects a new value" time="0.2983107">
        </testcase>
        <testcase classname="src/test/components/settings/BooleanSettings.test.tsx" name="BooleanSettings &gt; disables the select field when readOnly prop is true" time="0.0892888">
        </testcase>
    </testsuite>
    <testsuite name="src/test/components/settings/IntegerSettings.test.tsx" timestamp="2025-11-07T13:16:30.851Z" hostname="wmau3401" tests="12" failures="0" errors="0" skipped="0" time="2.7542802">
        <testcase classname="src/test/components/settings/IntegerSettings.test.tsx" name="IntegerSettings &gt; renders all standard fields correctly" time="0.509078">
            <system-err>
Warning: Function components cannot be given refs. Attempts to access this ref will fail. Did you mean to use React.forwardRef()?

Check the render method of `Slot.SlotClone`.
    at Checkbox (C:/Users/goroz2/Desktop/RnD/Repositories/json-schema-editor/src/lib/components/ui/checkbox.tsx:7:3)
    at file:///C:/Users/goroz2/Desktop/RnD/Repositories/json-schema-editor/node_modules/@radix-ui/react-slot/dist/index.mjs:33:13
    at file:///C:/Users/goroz2/Desktop/RnD/Repositories/json-schema-editor/node_modules/@radix-ui/react-slot/dist/index.mjs:9:13
    at FormControl (C:/Users/goroz2/Desktop/RnD/Repositories/json-schema-editor/src/lib/components/ui/form.tsx:106:27)
    at div
    at FormItem (C:/Users/goroz2/Desktop/RnD/Repositories/json-schema-editor/src/lib/components/ui/form.tsx:59:21)
    at Controller (file:///C:/Users/goroz2/Desktop/RnD/Repositories/json-schema-editor/node_modules/react-hook-form/dist/index.esm.mjs:581:37)
    at FormField (C:/Users/goroz2/Desktop/RnD/Repositories/json-schema-editor/src/lib/components/ui/form.tsx:25:6)
    at form
    at IntegerSettings (C:/Users/goroz2/Desktop/RnD/Repositories/json-schema-editor/src/lib/components/features/settings/IntegerSettings.tsx:972:3)
    at FormProvider (file:///C:/Users/goroz2/Desktop/RnD/Repositories/json-schema-editor/node_modules/react-hook-form/dist/index.esm.mjs:194:13)
    at Settings (C:/Users/goroz2/Desktop/RnD/Repositories/json-schema-editor/src/test/components/settings/IntegerSettings.test.tsx:52:3)

            </system-err>
        </testcase>
        <testcase classname="src/test/components/settings/IntegerSettings.test.tsx" name="IntegerSettings &gt; loads and displays default values correctly" time="0.3038202">
        </testcase>
        <testcase classname="src/test/components/settings/IntegerSettings.test.tsx" name="IntegerSettings &gt; shows and hides the enum input field when the checkbox is toggled" time="0.2530864">
        </testcase>
        <testcase classname="src/test/components/settings/IntegerSettings.test.tsx" name="IntegerSettings &gt; disables all fields when readOnly prop is true" time="0.1689525">
        </testcase>
        <testcase classname="src/test/components/settings/IntegerSettings.test.tsx" name="IntegerSettings &gt; updates the form when enum values are changed" time="0.1609219">
        </testcase>
        <testcase classname="src/test/components/settings/IntegerSettings.test.tsx" name="IntegerSettings &gt; updates the format when a new one is selected" time="0.5422117">
        </testcase>
        <testcase classname="src/test/components/settings/IntegerSettings.test.tsx" name="IntegerSettings &gt; updates the minimum value" time="0.1820015">
            <system-err>
Warning: `value` prop on `input` should not be null. Consider using an empty string to clear the component or `undefined` for uncontrolled components.
    at input
    at C:/Users/goroz2/Desktop/RnD/Repositories/json-schema-editor/src/lib/components/ui/input.tsx:6:6
    at file:///C:/Users/goroz2/Desktop/RnD/Repositories/json-schema-editor/node_modules/@radix-ui/react-slot/dist/index.mjs:33:13
    at file:///C:/Users/goroz2/Desktop/RnD/Repositories/json-schema-editor/node_modules/@radix-ui/react-slot/dist/index.mjs:9:13
    at FormControl (C:/Users/goroz2/Desktop/RnD/Repositories/json-schema-editor/src/lib/components/ui/form.tsx:106:27)
    at div
    at FormItem (C:/Users/goroz2/Desktop/RnD/Repositories/json-schema-editor/src/lib/components/ui/form.tsx:59:21)
    at Controller (file:///C:/Users/goroz2/Desktop/RnD/Repositories/json-schema-editor/node_modules/react-hook-form/dist/index.esm.mjs:581:37)
    at FormField (C:/Users/goroz2/Desktop/RnD/Repositories/json-schema-editor/src/lib/components/ui/form.tsx:25:6)
    at div
    at form
    at IntegerSettings (C:/Users/goroz2/Desktop/RnD/Repositories/json-schema-editor/src/lib/components/features/settings/IntegerSettings.tsx:972:3)
    at FormProvider (file:///C:/Users/goroz2/Desktop/RnD/Repositories/json-schema-editor/node_modules/react-hook-form/dist/index.esm.mjs:194:13)
    at Settings (C:/Users/goroz2/Desktop/RnD/Repositories/json-schema-editor/src/test/components/settings/IntegerSettings.test.tsx:52:3)
Warning: A component is changing a controlled input to be uncontrolled. This is likely caused by the value changing from a defined to undefined, which should not happen. Decide between using a controlled or uncontrolled input element for the lifetime of the component. More info: https://reactjs.org/link/controlled-components
    at input
    at C:/Users/goroz2/Desktop/RnD/Repositories/json-schema-editor/src/lib/components/ui/input.tsx:6:6
    at file:///C:/Users/goroz2/Desktop/RnD/Repositories/json-schema-editor/node_modules/@radix-ui/react-slot/dist/index.mjs:33:13
    at file:///C:/Users/goroz2/Desktop/RnD/Repositories/json-schema-editor/node_modules/@radix-ui/react-slot/dist/index.mjs:9:13
    at FormControl (C:/Users/goroz2/Desktop/RnD/Repositories/json-schema-editor/src/lib/components/ui/form.tsx:106:27)
    at div
    at FormItem (C:/Users/goroz2/Desktop/RnD/Repositories/json-schema-editor/src/lib/components/ui/form.tsx:59:21)
    at Controller (file:///C:/Users/goroz2/Desktop/RnD/Repositories/json-schema-editor/node_modules/react-hook-form/dist/index.esm.mjs:581:37)
    at FormField (C:/Users/goroz2/Desktop/RnD/Repositories/json-schema-editor/src/lib/components/ui/form.tsx:25:6)
    at div
    at form
    at IntegerSettings (C:/Users/goroz2/Desktop/RnD/Repositories/json-schema-editor/src/lib/components/features/settings/IntegerSettings.tsx:972:3)
    at FormProvider (file:///C:/Users/goroz2/Desktop/RnD/Repositories/json-schema-editor/node_modules/react-hook-form/dist/index.esm.mjs:194:13)
    at Settings (C:/Users/goroz2/Desktop/RnD/Repositories/json-schema-editor/src/test/components/settings/IntegerSettings.test.tsx:52:3)

            </system-err>
        </testcase>
        <testcase classname="src/test/components/settings/IntegerSettings.test.tsx" name="IntegerSettings &gt; updates the maximum value " time="0.1238044">
        </testcase>
        <testcase classname="src/test/components/settings/IntegerSettings.test.tsx" name="IntegerSettings &gt; updates exclusiveMin value" time="0.1614289">
        </testcase>
        <testcase classname="src/test/components/settings/IntegerSettings.test.tsx" name="IntegerSettings &gt; updates exclusiveMax value" time="0.0928573">
        </testcase>
        <testcase classname="src/test/components/settings/IntegerSettings.test.tsx" name="IntegerSettings &gt; updates multipleOf value" time="0.0980314">
        </testcase>
        <testcase classname="src/test/components/settings/IntegerSettings.test.tsx" name="IntegerSettings &gt; updates defaultValue value" time="0.1207316">
            <system-err>
Warning: A component is changing an uncontrolled input to be controlled. This is likely caused by the value changing from undefined to a defined value, which should not happen. Decide between using a controlled or uncontrolled input element for the lifetime of the component. More info: https://reactjs.org/link/controlled-components
    at input
    at C:/Users/goroz2/Desktop/RnD/Repositories/json-schema-editor/src/lib/components/ui/input.tsx:6:6
    at file:///C:/Users/goroz2/Desktop/RnD/Repositories/json-schema-editor/node_modules/@radix-ui/react-slot/dist/index.mjs:33:13
    at file:///C:/Users/goroz2/Desktop/RnD/Repositories/json-schema-editor/node_modules/@radix-ui/react-slot/dist/index.mjs:9:13
    at FormControl (C:/Users/goroz2/Desktop/RnD/Repositories/json-schema-editor/src/lib/components/ui/form.tsx:106:27)
    at div
    at FormItem (C:/Users/goroz2/Desktop/RnD/Repositories/json-schema-editor/src/lib/components/ui/form.tsx:59:21)
    at Controller (file:///C:/Users/goroz2/Desktop/RnD/Repositories/json-schema-editor/node_modules/react-hook-form/dist/index.esm.mjs:581:37)
    at FormField (C:/Users/goroz2/Desktop/RnD/Repositories/json-schema-editor/src/lib/components/ui/form.tsx:25:6)
    at form
    at IntegerSettings (C:/Users/goroz2/Desktop/RnD/Repositories/json-schema-editor/src/lib/components/features/settings/IntegerSettings.tsx:972:3)
    at FormProvider (file:///C:/Users/goroz2/Desktop/RnD/Repositories/json-schema-editor/node_modules/react-hook-form/dist/index.esm.mjs:194:13)
    at Settings (C:/Users/goroz2/Desktop/RnD/Repositories/json-schema-editor/src/test/components/settings/IntegerSettings.test.tsx:52:3)

            </system-err>
        </testcase>
    </testsuite>
    <testsuite name="src/test/components/settings/NumberSettings.test.tsx" timestamp="2025-11-07T13:16:30.856Z" hostname="wmau3401" tests="12" failures="0" errors="0" skipped="0" time="2.8868415">
        <testcase classname="src/test/components/settings/NumberSettings.test.tsx" name="NumberSettings &gt; renders all standard fields correctly" time="0.5810047">
            <system-err>
Warning: Function components cannot be given refs. Attempts to access this ref will fail. Did you mean to use React.forwardRef()?

Check the render method of `Slot.SlotClone`.
    at Checkbox (C:/Users/goroz2/Desktop/RnD/Repositories/json-schema-editor/src/lib/components/ui/checkbox.tsx:7:3)
    at file:///C:/Users/goroz2/Desktop/RnD/Repositories/json-schema-editor/node_modules/@radix-ui/react-slot/dist/index.mjs:33:13
    at file:///C:/Users/goroz2/Desktop/RnD/Repositories/json-schema-editor/node_modules/@radix-ui/react-slot/dist/index.mjs:9:13
    at FormControl (C:/Users/goroz2/Desktop/RnD/Repositories/json-schema-editor/src/lib/components/ui/form.tsx:106:27)
    at div
    at FormItem (C:/Users/goroz2/Desktop/RnD/Repositories/json-schema-editor/src/lib/components/ui/form.tsx:59:21)
    at Controller (file:///C:/Users/goroz2/Desktop/RnD/Repositories/json-schema-editor/node_modules/react-hook-form/dist/index.esm.mjs:581:37)
    at FormField (C:/Users/goroz2/Desktop/RnD/Repositories/json-schema-editor/src/lib/components/ui/form.tsx:25:6)
    at form
    at NumberSettings (C:/Users/goroz2/Desktop/RnD/Repositories/json-schema-editor/src/lib/components/features/settings/NumberSettings.tsx:972:3)
    at FormProvider (file:///C:/Users/goroz2/Desktop/RnD/Repositories/json-schema-editor/node_modules/react-hook-form/dist/index.esm.mjs:194:13)
    at Settings (C:/Users/goroz2/Desktop/RnD/Repositories/json-schema-editor/src/test/components/settings/NumberSettings.test.tsx:50:3)

            </system-err>
        </testcase>
        <testcase classname="src/test/components/settings/NumberSettings.test.tsx" name="NumberSettings &gt; loads and displays default values correctly" time="0.3293238">
        </testcase>
        <testcase classname="src/test/components/settings/NumberSettings.test.tsx" name="NumberSettings &gt; shows and hides the enum input field when the checkbox is toggled" time="0.2417244">
        </testcase>
        <testcase classname="src/test/components/settings/NumberSettings.test.tsx" name="NumberSettings &gt; disables all fields when readOnly prop is true" time="0.1767039">
        </testcase>
        <testcase classname="src/test/components/settings/NumberSettings.test.tsx" name="NumberSettings &gt; updates the form when enum values are changed" time="0.1424209">
        </testcase>
        <testcase classname="src/test/components/settings/NumberSettings.test.tsx" name="NumberSettings &gt; updates the format when a new one is selected" time="0.6394861">
        </testcase>
        <testcase classname="src/test/components/settings/NumberSettings.test.tsx" name="NumberSettings &gt; updates the minimum value" time="0.1468025">
            <system-err>
Warning: `value` prop on `input` should not be null. Consider using an empty string to clear the component or `undefined` for uncontrolled components.
    at input
    at C:/Users/goroz2/Desktop/RnD/Repositories/json-schema-editor/src/lib/components/ui/input.tsx:6:6
    at file:///C:/Users/goroz2/Desktop/RnD/Repositories/json-schema-editor/node_modules/@radix-ui/react-slot/dist/index.mjs:33:13
    at file:///C:/Users/goroz2/Desktop/RnD/Repositories/json-schema-editor/node_modules/@radix-ui/react-slot/dist/index.mjs:9:13
    at FormControl (C:/Users/goroz2/Desktop/RnD/Repositories/json-schema-editor/src/lib/components/ui/form.tsx:106:27)
    at div
    at FormItem (C:/Users/goroz2/Desktop/RnD/Repositories/json-schema-editor/src/lib/components/ui/form.tsx:59:21)
    at Controller (file:///C:/Users/goroz2/Desktop/RnD/Repositories/json-schema-editor/node_modules/react-hook-form/dist/index.esm.mjs:581:37)
    at FormField (C:/Users/goroz2/Desktop/RnD/Repositories/json-schema-editor/src/lib/components/ui/form.tsx:25:6)
    at div
    at form
    at NumberSettings (C:/Users/goroz2/Desktop/RnD/Repositories/json-schema-editor/src/lib/components/features/settings/NumberSettings.tsx:972:3)
    at FormProvider (file:///C:/Users/goroz2/Desktop/RnD/Repositories/json-schema-editor/node_modules/react-hook-form/dist/index.esm.mjs:194:13)
    at Settings (C:/Users/goroz2/Desktop/RnD/Repositories/json-schema-editor/src/test/components/settings/NumberSettings.test.tsx:50:3)
Warning: A component is changing a controlled input to be uncontrolled. This is likely caused by the value changing from a defined to undefined, which should not happen. Decide between using a controlled or uncontrolled input element for the lifetime of the component. More info: https://reactjs.org/link/controlled-components
    at input
    at C:/Users/goroz2/Desktop/RnD/Repositories/json-schema-editor/src/lib/components/ui/input.tsx:6:6
    at file:///C:/Users/goroz2/Desktop/RnD/Repositories/json-schema-editor/node_modules/@radix-ui/react-slot/dist/index.mjs:33:13
    at file:///C:/Users/goroz2/Desktop/RnD/Repositories/json-schema-editor/node_modules/@radix-ui/react-slot/dist/index.mjs:9:13
    at FormControl (C:/Users/goroz2/Desktop/RnD/Repositories/json-schema-editor/src/lib/components/ui/form.tsx:106:27)
    at div
    at FormItem (C:/Users/goroz2/Desktop/RnD/Repositories/json-schema-editor/src/lib/components/ui/form.tsx:59:21)
    at Controller (file:///C:/Users/goroz2/Desktop/RnD/Repositories/json-schema-editor/node_modules/react-hook-form/dist/index.esm.mjs:581:37)
    at FormField (C:/Users/goroz2/Desktop/RnD/Repositories/json-schema-editor/src/lib/components/ui/form.tsx:25:6)
    at div
    at form
    at NumberSettings (C:/Users/goroz2/Desktop/RnD/Repositories/json-schema-editor/src/lib/components/features/settings/NumberSettings.tsx:972:3)
    at FormProvider (file:///C:/Users/goroz2/Desktop/RnD/Repositories/json-schema-editor/node_modules/react-hook-form/dist/index.esm.mjs:194:13)
    at Settings (C:/Users/goroz2/Desktop/RnD/Repositories/json-schema-editor/src/test/components/settings/NumberSettings.test.tsx:50:3)

            </system-err>
        </testcase>
        <testcase classname="src/test/components/settings/NumberSettings.test.tsx" name="NumberSettings &gt; updates the maximum value " time="0.1376435">
        </testcase>
        <testcase classname="src/test/components/settings/NumberSettings.test.tsx" name="NumberSettings &gt; updates exclusiveMin value" time="0.1247185">
        </testcase>
        <testcase classname="src/test/components/settings/NumberSettings.test.tsx" name="NumberSettings &gt; updates exclusiveMax value" time="0.1000696">
        </testcase>
        <testcase classname="src/test/components/settings/NumberSettings.test.tsx" name="NumberSettings &gt; updates multipleOf value" time="0.1077787">
        </testcase>
        <testcase classname="src/test/components/settings/NumberSettings.test.tsx" name="NumberSettings &gt; updates defaultValue value" time="0.1232316">
            <system-err>
Warning: A component is changing an uncontrolled input to be controlled. This is likely caused by the value changing from undefined to a defined value, which should not happen. Decide between using a controlled or uncontrolled input element for the lifetime of the component. More info: https://reactjs.org/link/controlled-components
    at input
    at C:/Users/goroz2/Desktop/RnD/Repositories/json-schema-editor/src/lib/components/ui/input.tsx:6:6
    at file:///C:/Users/goroz2/Desktop/RnD/Repositories/json-schema-editor/node_modules/@radix-ui/react-slot/dist/index.mjs:33:13
    at file:///C:/Users/goroz2/Desktop/RnD/Repositories/json-schema-editor/node_modules/@radix-ui/react-slot/dist/index.mjs:9:13
    at FormControl (C:/Users/goroz2/Desktop/RnD/Repositories/json-schema-editor/src/lib/components/ui/form.tsx:106:27)
    at div
    at FormItem (C:/Users/goroz2/Desktop/RnD/Repositories/json-schema-editor/src/lib/components/ui/form.tsx:59:21)
    at Controller (file:///C:/Users/goroz2/Desktop/RnD/Repositories/json-schema-editor/node_modules/react-hook-form/dist/index.esm.mjs:581:37)
    at FormField (C:/Users/goroz2/Desktop/RnD/Repositories/json-schema-editor/src/lib/components/ui/form.tsx:25:6)
    at form
    at NumberSettings (C:/Users/goroz2/Desktop/RnD/Repositories/json-schema-editor/src/lib/components/features/settings/NumberSettings.tsx:972:3)
    at FormProvider (file:///C:/Users/goroz2/Desktop/RnD/Repositories/json-schema-editor/node_modules/react-hook-form/dist/index.esm.mjs:194:13)
    at Settings (C:/Users/goroz2/Desktop/RnD/Repositories/json-schema-editor/src/test/components/settings/NumberSettings.test.tsx:50:3)

            </system-err>
        </testcase>
    </testsuite>
    <testsuite name="src/test/components/settings/ObjectSettings.test.tsx" timestamp="2025-11-07T13:16:30.862Z" hostname="wmau3401" tests="7" failures="0" errors="0" skipped="0" time="1.9995819">
        <testcase classname="src/test/components/settings/ObjectSettings.test.tsx" name="ObjectSettings &gt; renders all fields correctly" time="0.5476881">
        </testcase>
        <testcase classname="src/test/components/settings/ObjectSettings.test.tsx" name="ObjectSettings &gt; loads and displays default values correctly" time="0.1571762">
        </testcase>
        <testcase classname="src/test/components/settings/ObjectSettings.test.tsx" name="ObjectSettings &gt; updates value when user types in an input" time="0.191583">
        </testcase>
        <testcase classname="src/test/components/settings/ObjectSettings.test.tsx" name="ObjectSettings &gt; shows schema textarea when &apos;Specify Schema&apos; is selected" time="0.2870251">
        </testcase>
        <testcase classname="src/test/components/settings/ObjectSettings.test.tsx" name="ObjectSettings &gt; disables all fields when readOnly prop is true" time="0.116481">
        </testcase>
        <testcase classname="src/test/components/settings/ObjectSettings.test.tsx" name="ObjectSettings &gt; switches additionalProperties mode when radio buttons are clicked" time="0.2343552">
        </testcase>
        <testcase classname="src/test/components/settings/ObjectSettings.test.tsx" name="ObjectSettings &gt; validates JSON input in the schema textarea" time="0.4584748">
        </testcase>
    </testsuite>
    <testsuite name="src/test/components/settings/RootSettings.test.tsx" timestamp="2025-11-07T13:16:30.865Z" hostname="wmau3401" tests="4" failures="0" errors="0" skipped="0" time="0.3210041">
        <testcase classname="src/test/components/settings/RootSettings.test.tsx" name="RootSettings &gt; renders all fields correctly" time="0.2165084">
        </testcase>
        <testcase classname="src/test/components/settings/RootSettings.test.tsx" name="RootSettings &gt; loads and displays default values" time="0.0319285">
        </testcase>
        <testcase classname="src/test/components/settings/RootSettings.test.tsx" name="RootSettings &gt; updates value when user types in an input" time="0.042917">
        </testcase>
        <testcase classname="src/test/components/settings/RootSettings.test.tsx" name="RootSettings &gt; disables fields when readOnly is true" time="0.0240139">
        </testcase>
    </testsuite>
    <testsuite name="src/test/components/settings/Settings.test.tsx" timestamp="2025-11-07T13:16:30.867Z" hostname="wmau3401" tests="7" failures="0" errors="0" skipped="0" time="0.1902454">
        <testcase classname="src/test/components/settings/Settings.test.tsx" name="Settings &gt; renders number settings when type is number-settings" time="0.1118218">
        </testcase>
        <testcase classname="src/test/components/settings/Settings.test.tsx" name="Settings &gt; renders integer settings when type is integer-settings" time="0.0129821">
        </testcase>
        <testcase classname="src/test/components/settings/Settings.test.tsx" name="Settings &gt; renders string settings when type is string-settings" time="0.0139412">
        </testcase>
        <testcase classname="src/test/components/settings/Settings.test.tsx" name="Settings &gt; renders boolean settings when type is boolean-settings" time="0.0100293">
        </testcase>
        <testcase classname="src/test/components/settings/Settings.test.tsx" name="Settings &gt; renders array settings when type is array-settings" time="0.0112255">
        </testcase>
        <testcase classname="src/test/components/settings/Settings.test.tsx" name="Settings &gt; renders object settings when type is object-settings" time="0.0059932">
        </testcase>
        <testcase classname="src/test/components/settings/Settings.test.tsx" name="Settings &gt; renders a fallback message for an unimplemented type" time="0.017979">
        </testcase>
    </testsuite>
    <testsuite name="src/test/components/settings/SettingsDialog.test.tsx" timestamp="2025-11-07T13:16:30.870Z" hostname="wmau3401" tests="5" failures="0" errors="0" skipped="0" time="2.1079215">
        <testcase classname="src/test/components/settings/SettingsDialog.test.tsx" name="SettingsDialog &gt; does not render when isOpen is false" time="0.1905503">
        </testcase>
        <testcase classname="src/test/components/settings/SettingsDialog.test.tsx" name="SettingsDialog &gt; renders the dialog with the correct title when isOpen is true" time="0.7972889">
            <system-err>
Warning: Function components cannot be given refs. Attempts to access this ref will fail. Did you mean to use React.forwardRef()?

Check the render method of `Primitive.div.SlotClone`.
    at DialogOverlay (C:/Users/goroz2/Desktop/RnD/Repositories/json-schema-editor/src/lib/components/ui/dialog.tsx:52:3)
    at file:///C:/Users/goroz2/Desktop/RnD/Repositories/json-schema-editor/node_modules/@radix-ui/react-slot/dist/index.mjs:33:13
    at file:///C:/Users/goroz2/Desktop/RnD/Repositories/json-schema-editor/node_modules/@radix-ui/react-slot/dist/index.mjs:9:13
    at file:///C:/Users/goroz2/Desktop/RnD/Repositories/json-schema-editor/node_modules/@radix-ui/react-primitive/dist/index.mjs:28:13
    at file:///C:/Users/goroz2/Desktop/RnD/Repositories/json-schema-editor/node_modules/@radix-ui/react-portal/dist/index.mjs:11:22
    at Presence (file:///C:/Users/goroz2/Desktop/RnD/Repositories/json-schema-editor/node_modules/@radix-ui/react-presence/dist/index.mjs:19:11)
    at Provider (file:///C:/Users/goroz2/Desktop/RnD/Repositories/json-schema-editor/node_modules/@radix-ui/react-context/dist/index.mjs:27:15)
    at DialogPortal (file:///C:/Users/goroz2/Desktop/RnD/Repositories/json-schema-editor/node_modules/@radix-ui/react-dialog/dist/index.mjs:85:11)
    at DialogPortal (C:/Users/goroz2/Desktop/RnD/Repositories/json-schema-editor/src/lib/components/ui/dialog.tsx:34:6)
    at DialogContent (C:/Users/goroz2/Desktop/RnD/Repositories/json-schema-editor/src/lib/components/ui/dialog.tsx:76:3)
    at Provider (file:///C:/Users/goroz2/Desktop/RnD/Repositories/json-schema-editor/node_modules/@radix-ui/react-context/dist/index.mjs:27:15)
    at Dialog (file:///C:/Users/goroz2/Desktop/RnD/Repositories/json-schema-editor/node_modules/@radix-ui/react-dialog/dist/index.mjs:25:5)
    at Dialog (C:/Users/goroz2/Desktop/RnD/Repositories/json-schema-editor/src/lib/components/ui/dialog.tsx:16:6)
    at SettingsDialog (C:/Users/goroz2/Desktop/RnD/Repositories/json-schema-editor/src/lib/components/features/settings/SettingsDialog.tsx:260:3)
    at FormProvider (file:///C:/Users/goroz2/Desktop/RnD/Repositories/json-schema-editor/node_modules/react-hook-form/dist/index.esm.mjs:194:13)
    at SettingsDialogTest (C:/Users/goroz2/Desktop/RnD/Repositories/json-schema-editor/src/test/components/settings/SettingsDialog.test.tsx:27:3)
Warning: Function components cannot be given refs. Attempts to access this ref will fail. Did you mean to use React.forwardRef()?

Check the render method of `Slot.SlotClone`.
    at Checkbox (C:/Users/goroz2/Desktop/RnD/Repositories/json-schema-editor/src/lib/components/ui/checkbox.tsx:7:3)
    at file:///C:/Users/goroz2/Desktop/RnD/Repositories/json-schema-editor/node_modules/@radix-ui/react-slot/dist/index.mjs:33:13
    at file:///C:/Users/goroz2/Desktop/RnD/Repositories/json-schema-editor/node_modules/@radix-ui/react-slot/dist/index.mjs:9:13
    at FormControl (C:/Users/goroz2/Desktop/RnD/Repositories/json-schema-editor/src/lib/components/ui/form.tsx:106:27)
    at div
    at FormItem (C:/Users/goroz2/Desktop/RnD/Repositories/json-schema-editor/src/lib/components/ui/form.tsx:59:21)
    at Controller (file:///C:/Users/goroz2/Desktop/RnD/Repositories/json-schema-editor/node_modules/react-hook-form/dist/index.esm.mjs:581:37)
    at FormField (C:/Users/goroz2/Desktop/RnD/Repositories/json-schema-editor/src/lib/components/ui/form.tsx:25:6)
    at form
    at StringSettings (C:/Users/goroz2/Desktop/RnD/Repositories/json-schema-editor/src/lib/components/features/settings/StringSettings.tsx:620:3)
    at div
    at Settings (C:/Users/goroz2/Desktop/RnD/Repositories/json-schema-editor/src/lib/components/features/settings/Settings.tsx:363:3)
    at div
    at file:///C:/Users/goroz2/Desktop/RnD/Repositories/json-schema-editor/node_modules/@radix-ui/react-primitive/dist/index.mjs:28:13
    at file:///C:/Users/goroz2/Desktop/RnD/Repositories/json-schema-editor/node_modules/@radix-ui/react-dismissable-layer/dist/index.mjs:24:7
    at file:///C:/Users/goroz2/Desktop/RnD/Repositories/json-schema-editor/node_modules/@radix-ui/react-slot/dist/index.mjs:33:13
    at file:///C:/Users/goroz2/Desktop/RnD/Repositories/json-schema-editor/node_modules/@radix-ui/react-slot/dist/index.mjs:9:13
    at file:///C:/Users/goroz2/Desktop/RnD/Repositories/json-schema-editor/node_modules/@radix-ui/react-primitive/dist/index.mjs:28:13
    at file:///C:/Users/goroz2/Desktop/RnD/Repositories/json-schema-editor/node_modules/@radix-ui/react-focus-scope/dist/index.mjs:15:5
    at file:///C:/Users/goroz2/Desktop/RnD/Repositories/json-schema-editor/node_modules/@radix-ui/react-dialog/dist/index.mjs:206:13
    at file:///C:/Users/goroz2/Desktop/RnD/Repositories/json-schema-editor/node_modules/@radix-ui/react-dialog/dist/index.mjs:132:58
    at Presence (file:///C:/Users/goroz2/Desktop/RnD/Repositories/json-schema-editor/node_modules/@radix-ui/react-presence/dist/index.mjs:19:11)
    at file:///C:/Users/goroz2/Desktop/RnD/Repositories/json-schema-editor/node_modules/@radix-ui/react-dialog/dist/index.mjs:123:64
    at file:///C:/Users/goroz2/Desktop/RnD/Repositories/json-schema-editor/node_modules/@radix-ui/react-slot/dist/index.mjs:33:13
    at file:///C:/Users/goroz2/Desktop/RnD/Repositories/json-schema-editor/node_modules/@radix-ui/react-slot/dist/index.mjs:9:13
    at file:///C:/Users/goroz2/Desktop/RnD/Repositories/json-schema-editor/node_modules/@radix-ui/react-primitive/dist/index.mjs:28:13
    at file:///C:/Users/goroz2/Desktop/RnD/Repositories/json-schema-editor/node_modules/@radix-ui/react-portal/dist/index.mjs:11:22
    at Presence (file:///C:/Users/goroz2/Desktop/RnD/Repositories/json-schema-editor/node_modules/@radix-ui/react-presence/dist/index.mjs:19:11)
    at Provider (file:///C:/Users/goroz2/Desktop/RnD/Repositories/json-schema-editor/node_modules/@radix-ui/react-context/dist/index.mjs:27:15)
    at DialogPortal (file:///C:/Users/goroz2/Desktop/RnD/Repositories/json-schema-editor/node_modules/@radix-ui/react-dialog/dist/index.mjs:85:11)
    at DialogPortal (C:/Users/goroz2/Desktop/RnD/Repositories/json-schema-editor/src/lib/components/ui/dialog.tsx:34:6)
    at DialogContent (C:/Users/goroz2/Desktop/RnD/Repositories/json-schema-editor/src/lib/components/ui/dialog.tsx:76:3)
    at Provider (file:///C:/Users/goroz2/Desktop/RnD/Repositories/json-schema-editor/node_modules/@radix-ui/react-context/dist/index.mjs:27:15)
    at Dialog (file:///C:/Users/goroz2/Desktop/RnD/Repositories/json-schema-editor/node_modules/@radix-ui/react-dialog/dist/index.mjs:25:5)
    at Dialog (C:/Users/goroz2/Desktop/RnD/Repositories/json-schema-editor/src/lib/components/ui/dialog.tsx:16:6)
    at SettingsDialog (C:/Users/goroz2/Desktop/RnD/Repositories/json-schema-editor/src/lib/components/features/settings/SettingsDialog.tsx:260:3)
    at FormProvider (file:///C:/Users/goroz2/Desktop/RnD/Repositories/json-schema-editor/node_modules/react-hook-form/dist/index.esm.mjs:194:13)
    at SettingsDialogTest (C:/Users/goroz2/Desktop/RnD/Repositories/json-schema-editor/src/test/components/settings/SettingsDialog.test.tsx:27:3)
Warning: Missing `Description` or `aria-describedby={undefined}` for {DialogContent}.

            </system-err>
        </testcase>
        <testcase classname="src/test/components/settings/SettingsDialog.test.tsx" name="SettingsDialog &gt; calls the onClose function when the close button is clicked" time="0.4753232">
            <system-err>
Warning: Missing `Description` or `aria-describedby={undefined}` for {DialogContent}.

            </system-err>
        </testcase>
        <testcase classname="src/test/components/settings/SettingsDialog.test.tsx" name="SettingsDialog &gt; does not render settings if fieldPath is not provided" time="0.3463951">
            <system-err>
Warning: Missing `Description` or `aria-describedby={undefined}` for {DialogContent}.

            </system-err>
        </testcase>
        <testcase classname="src/test/components/settings/SettingsDialog.test.tsx" name="SettingsDialog &gt; calls onClose when the dialog&apos;s onOpenChange is triggered with false" time="0.2912234">
            <system-err>
Warning: Missing `Description` or `aria-describedby={undefined}` for {DialogContent}.

            </system-err>
        </testcase>
    </testsuite>
    <testsuite name="src/test/components/settings/StringSettings.test.tsx" timestamp="2025-11-07T13:16:30.873Z" hostname="wmau3401" tests="12" failures="0" errors="0" skipped="0" time="4.0597751">
        <testcase classname="src/test/components/settings/StringSettings.test.tsx" name="StringSettings &gt; renders all standard fields correctly" time="0.7196228">
            <system-err>
Warning: Function components cannot be given refs. Attempts to access this ref will fail. Did you mean to use React.forwardRef()?

Check the render method of `Slot.SlotClone`.
    at Checkbox (C:/Users/goroz2/Desktop/RnD/Repositories/json-schema-editor/src/lib/components/ui/checkbox.tsx:7:3)
    at file:///C:/Users/goroz2/Desktop/RnD/Repositories/json-schema-editor/node_modules/@radix-ui/react-slot/dist/index.mjs:33:13
    at file:///C:/Users/goroz2/Desktop/RnD/Repositories/json-schema-editor/node_modules/@radix-ui/react-slot/dist/index.mjs:9:13
    at FormControl (C:/Users/goroz2/Desktop/RnD/Repositories/json-schema-editor/src/lib/components/ui/form.tsx:106:27)
    at div
    at FormItem (C:/Users/goroz2/Desktop/RnD/Repositories/json-schema-editor/src/lib/components/ui/form.tsx:59:21)
    at Controller (file:///C:/Users/goroz2/Desktop/RnD/Repositories/json-schema-editor/node_modules/react-hook-form/dist/index.esm.mjs:581:37)
    at FormField (C:/Users/goroz2/Desktop/RnD/Repositories/json-schema-editor/src/lib/components/ui/form.tsx:25:6)
    at form
    at StringSettings (C:/Users/goroz2/Desktop/RnD/Repositories/json-schema-editor/src/lib/components/features/settings/StringSettings.tsx:620:3)
    at FormProvider (file:///C:/Users/goroz2/Desktop/RnD/Repositories/json-schema-editor/node_modules/react-hook-form/dist/index.esm.mjs:194:13)
    at Settings (C:/Users/goroz2/Desktop/RnD/Repositories/json-schema-editor/src/test/components/settings/StringSettings.test.tsx:50:3)

            </system-err>
        </testcase>
        <testcase classname="src/test/components/settings/StringSettings.test.tsx" name="StringSettings &gt; loads and displays default values correctly" time="0.3811766">
        </testcase>
        <testcase classname="src/test/components/settings/StringSettings.test.tsx" name="StringSettings &gt; updates value when user types in an input" time="0.2350101">
            <system-err>
Warning: A component is changing an uncontrolled input to be controlled. This is likely caused by the value changing from undefined to a defined value, which should not happen. Decide between using a controlled or uncontrolled input element for the lifetime of the component. More info: https://reactjs.org/link/controlled-components
    at input
    at C:/Users/goroz2/Desktop/RnD/Repositories/json-schema-editor/src/lib/components/ui/input.tsx:6:6
    at file:///C:/Users/goroz2/Desktop/RnD/Repositories/json-schema-editor/node_modules/@radix-ui/react-slot/dist/index.mjs:33:13
    at file:///C:/Users/goroz2/Desktop/RnD/Repositories/json-schema-editor/node_modules/@radix-ui/react-slot/dist/index.mjs:9:13
    at FormControl (C:/Users/goroz2/Desktop/RnD/Repositories/json-schema-editor/src/lib/components/ui/form.tsx:106:27)
    at div
    at FormItem (C:/Users/goroz2/Desktop/RnD/Repositories/json-schema-editor/src/lib/components/ui/form.tsx:59:21)
    at Controller (file:///C:/Users/goroz2/Desktop/RnD/Repositories/json-schema-editor/node_modules/react-hook-form/dist/index.esm.mjs:581:37)
    at FormField (C:/Users/goroz2/Desktop/RnD/Repositories/json-schema-editor/src/lib/components/ui/form.tsx:25:6)
    at form
    at StringSettings (C:/Users/goroz2/Desktop/RnD/Repositories/json-schema-editor/src/lib/components/features/settings/StringSettings.tsx:620:3)
    at FormProvider (file:///C:/Users/goroz2/Desktop/RnD/Repositories/json-schema-editor/node_modules/react-hook-form/dist/index.esm.mjs:194:13)
    at Settings (C:/Users/goroz2/Desktop/RnD/Repositories/json-schema-editor/src/test/components/settings/StringSettings.test.tsx:50:3)

            </system-err>
        </testcase>
        <testcase classname="src/test/components/settings/StringSettings.test.tsx" name="StringSettings &gt; shows and hides the enum input field when the checkbox is toggled" time="0.4139615">
        </testcase>
        <testcase classname="src/test/components/settings/StringSettings.test.tsx" name="StringSettings &gt; updates the form when enum values are changed" time="0.2160136">
        </testcase>
        <testcase classname="src/test/components/settings/StringSettings.test.tsx" name="StringSettings &gt; disables all fields when readOnly prop is true" time="0.2438566">
        </testcase>
        <testcase classname="src/test/components/settings/StringSettings.test.tsx" name="StringSettings &gt; updates value to null when maxLength input is cleared" time="0.1817314">
            <system-err>
Warning: `value` prop on `input` should not be null. Consider using an empty string to clear the component or `undefined` for uncontrolled components.
    at input
    at C:/Users/goroz2/Desktop/RnD/Repositories/json-schema-editor/src/lib/components/ui/input.tsx:6:6
    at file:///C:/Users/goroz2/Desktop/RnD/Repositories/json-schema-editor/node_modules/@radix-ui/react-slot/dist/index.mjs:33:13
    at file:///C:/Users/goroz2/Desktop/RnD/Repositories/json-schema-editor/node_modules/@radix-ui/react-slot/dist/index.mjs:9:13
    at FormControl (C:/Users/goroz2/Desktop/RnD/Repositories/json-schema-editor/src/lib/components/ui/form.tsx:106:27)
    at div
    at FormItem (C:/Users/goroz2/Desktop/RnD/Repositories/json-schema-editor/src/lib/components/ui/form.tsx:59:21)
    at Controller (file:///C:/Users/goroz2/Desktop/RnD/Repositories/json-schema-editor/node_modules/react-hook-form/dist/index.esm.mjs:581:37)
    at FormField (C:/Users/goroz2/Desktop/RnD/Repositories/json-schema-editor/src/lib/components/ui/form.tsx:25:6)
    at div
    at form
    at StringSettings (C:/Users/goroz2/Desktop/RnD/Repositories/json-schema-editor/src/lib/components/features/settings/StringSettings.tsx:620:3)
    at FormProvider (file:///C:/Users/goroz2/Desktop/RnD/Repositories/json-schema-editor/node_modules/react-hook-form/dist/index.esm.mjs:194:13)
    at Settings (C:/Users/goroz2/Desktop/RnD/Repositories/json-schema-editor/src/test/components/settings/StringSettings.test.tsx:50:3)
Warning: A component is changing a controlled input to be uncontrolled. This is likely caused by the value changing from a defined to undefined, which should not happen. Decide between using a controlled or uncontrolled input element for the lifetime of the component. More info: https://reactjs.org/link/controlled-components
    at input
    at C:/Users/goroz2/Desktop/RnD/Repositories/json-schema-editor/src/lib/components/ui/input.tsx:6:6
    at file:///C:/Users/goroz2/Desktop/RnD/Repositories/json-schema-editor/node_modules/@radix-ui/react-slot/dist/index.mjs:33:13
    at file:///C:/Users/goroz2/Desktop/RnD/Repositories/json-schema-editor/node_modules/@radix-ui/react-slot/dist/index.mjs:9:13
    at FormControl (C:/Users/goroz2/Desktop/RnD/Repositories/json-schema-editor/src/lib/components/ui/form.tsx:106:27)
    at div
    at FormItem (C:/Users/goroz2/Desktop/RnD/Repositories/json-schema-editor/src/lib/components/ui/form.tsx:59:21)
    at Controller (file:///C:/Users/goroz2/Desktop/RnD/Repositories/json-schema-editor/node_modules/react-hook-form/dist/index.esm.mjs:581:37)
    at FormField (C:/Users/goroz2/Desktop/RnD/Repositories/json-schema-editor/src/lib/components/ui/form.tsx:25:6)
    at div
    at form
    at StringSettings (C:/Users/goroz2/Desktop/RnD/Repositories/json-schema-editor/src/lib/components/features/settings/StringSettings.tsx:620:3)
    at FormProvider (file:///C:/Users/goroz2/Desktop/RnD/Repositories/json-schema-editor/node_modules/react-hook-form/dist/index.esm.mjs:194:13)
    at Settings (C:/Users/goroz2/Desktop/RnD/Repositories/json-schema-editor/src/test/components/settings/StringSettings.test.tsx:50:3)

            </system-err>
        </testcase>
        <testcase classname="src/test/components/settings/StringSettings.test.tsx" name="StringSettings &gt; updates value to null when minLength input is cleared" time="0.1987631">
        </testcase>
        <testcase classname="src/test/components/settings/StringSettings.test.tsx" name="StringSettings &gt; updates minLength value" time="0.1669146">
        </testcase>
        <testcase classname="src/test/components/settings/StringSettings.test.tsx" name="StringSettings &gt; updates minLength value" time="0.1054589">
        </testcase>
        <testcase classname="src/test/components/settings/StringSettings.test.tsx" name="StringSettings &gt; updates value when user types in pattern input" time="0.1698569">
        </testcase>
        <testcase classname="src/test/components/settings/StringSettings.test.tsx" name="StringSettings &gt; updates the format when a new one is selected" time="1.0072832">
        </testcase>
    </testsuite>
</testsuites>
